<?xml version="1.0" encoding="UTF-8"?>
<!-- Generated by org.testng.reporters.JUnitXMLReporter -->
<testsuite ignored="14" hostname="DESKTOP-7R7J0BR" failures="1" tests="1" name="Default test" time="8.273" errors="0" timestamp="2026-02-05T23:33:22 IST">
  <testcase classname="com.retail.ui.automation.test.LandingPageIndiaTest" name="testPageHeadlineText" time="0.442">
    <failure type="java.lang.ExceptionInInitializerError">
      <![CDATA[java.lang.ExceptionInInitializerError
at com.retail.ui.automation.test.LandingPageIndiaTest.testPageHeadlineText(LandingPageIndiaTest.java:74)
at java.base/jdk.internal.reflect.NativeMethodAccessorImpl.invoke0(Native Method)
at java.base/jdk.internal.reflect.NativeMethodAccessorImpl.invoke(NativeMethodAccessorImpl.java:77)
at java.base/jdk.internal.reflect.DelegatingMethodAccessorImpl.invoke(DelegatingMethodAccessorImpl.java:43)
at java.base/java.lang.reflect.Method.invoke(Method.java:568)
at org.testng.internal.invokers.MethodInvocationHelper.invokeMethod(MethodInvocationHelper.java:139)
at org.testng.internal.invokers.TestInvoker.invokeMethod(TestInvoker.java:664)
at org.testng.internal.invokers.TestInvoker.invokeTestMethod(TestInvoker.java:227)
at org.testng.internal.invokers.MethodRunner.runInSequence(MethodRunner.java:50)
at org.testng.internal.invokers.TestInvoker$MethodInvocationAgent.invoke(TestInvoker.java:957)
at org.testng.internal.invokers.TestInvoker.invokeTestMethods(TestInvoker.java:200)
at org.testng.internal.invokers.TestMethodWorker.invokeTestMethods(TestMethodWorker.java:148)
at org.testng.internal.invokers.TestMethodWorker.run(TestMethodWorker.java:128)
at java.base/java.util.ArrayList.forEach(ArrayList.java:1511)
at org.testng.TestRunner.privateRun(TestRunner.java:848)
at org.testng.TestRunner.run(TestRunner.java:621)
at org.testng.SuiteRunner.runTest(SuiteRunner.java:443)
at org.testng.SuiteRunner.runSequentially(SuiteRunner.java:437)
at org.testng.SuiteRunner.privateRun(SuiteRunner.java:397)
at org.testng.SuiteRunner.run(SuiteRunner.java:336)
at org.testng.SuiteRunnerWorker.runSuite(SuiteRunnerWorker.java:52)
at org.testng.SuiteRunnerWorker.run(SuiteRunnerWorker.java:95)
at org.testng.TestNG.runSuitesSequentially(TestNG.java:1280)
at org.testng.TestNG.runSuitesLocally(TestNG.java:1200)
at org.testng.TestNG.runSuites(TestNG.java:1114)
at org.testng.TestNG.run(TestNG.java:1082)
at org.testng.remote.AbstractRemoteTestNG.run(AbstractRemoteTestNG.java:115)
at org.testng.remote.RemoteTestNG.initAndRun(RemoteTestNG.java:293)
at org.testng.remote.RemoteTestNG.main(RemoteTestNG.java:91)
Caused by: java.lang.RuntimeException: Failed to initialize ExpectedJsonReader
at com.retail.ui.automation.utils.test.ExpectedJsonReader.<clinit>(ExpectedJsonReader.java:29)
... 29 more
Caused by: java.lang.RuntimeException: expected.json not found in classpath
at com.retail.ui.automation.utils.test.ExpectedJsonReader.<clinit>(ExpectedJsonReader.java:22)
... 29 more
]]>
    </failure>
  </testcase> <!-- testPageHeadlineText -->
  <testcase classname="com.retail.ui.automation.test.LandingPageIndiaTest" name="testFindAstoreLink" time="0.0">
    <ignored/>
  </testcase> <!-- testFindAstoreLink -->
  <testcase classname="com.retail.ui.automation.test.LandingPageIndiaTest" name="testStoreAppleBKC" time="0.0">
    <ignored/>
  </testcase> <!-- testStoreAppleBKC -->
  <testcase classname="com.retail.ui.automation.test.LandingPageIndiaTest" name="testProgramCardHeaderIsPresent" time="0.0">
    <ignored/>
  </testcase> <!-- testProgramCardHeaderIsPresent -->
  <testcase classname="com.retail.ui.automation.test.LandingPageIndiaTest" name="testStoreAppleHebbal" time="0.0">
    <ignored/>
  </testcase> <!-- testStoreAppleHebbal -->
  <testcase classname="com.retail.ui.automation.test.LandingPageIndiaTest" name="testStorecardStoreCardAppleKoregaonPark" time="0.0">
    <ignored/>
  </testcase> <!-- testStorecardStoreCardAppleKoregaonPark -->
  <testcase classname="com.retail.ui.automation.test.LandingPageIndiaTest" name="testStoreAppleKoregaonPark" time="0.0">
    <ignored/>
  </testcase> <!-- testStoreAppleKoregaonPark -->
  <testcase classname="com.retail.ui.automation.test.LandingPageIndiaTest" name="testCompleteStoreListLink" time="0.0">
    <ignored/>
  </testcase> <!-- testCompleteStoreListLink -->
  <testcase classname="com.retail.ui.automation.test.LandingPageIndiaTest" name="testStorecardStoreCardAppleHebbal" time="0.0">
    <ignored/>
  </testcase> <!-- testStorecardStoreCardAppleHebbal -->
  <testcase classname="com.retail.ui.automation.test.LandingPageIndiaTest" name="testStoreCardAppleBKC" time="0.0">
    <ignored/>
  </testcase> <!-- testStoreCardAppleBKC -->
  <testcase classname="com.retail.ui.automation.test.LandingPageIndiaTest" name="testSearchBarIsPresent" time="0.0">
    <ignored/>
  </testcase> <!-- testSearchBarIsPresent -->
  <testcase classname="com.retail.ui.automation.test.LandingPageIndiaTest" name="testMagnifyingIconInSearchBar" time="0.0">
    <ignored/>
  </testcase> <!-- testMagnifyingIconInSearchBar -->
  <testcase classname="com.retail.ui.automation.test.LandingPageIndiaTest" name="testPageTitle" time="0.0">
    <ignored/>
  </testcase> <!-- testPageTitle -->
  <testcase classname="com.retail.ui.automation.test.LandingPageIndiaTest" name="testPageHeadline" time="0.0">
    <ignored/>
  </testcase> <!-- testPageHeadline -->
  <testcase classname="com.retail.ui.automation.test.LandingPageIndiaTest" name="testProgramCardHeaderText" time="0.0">
    <ignored/>
  </testcase> <!-- testProgramCardHeaderText -->
</testsuite> <!-- Default test -->
