<html>
<head>
<title>TestNG:  Smoke Tests</title>
<link href="../testng.css" rel="stylesheet" type="text/css" />
<link href="../my-testng.css" rel="stylesheet" type="text/css" />

<style type="text/css">
.log { display: none;} 
.stack-trace { display: none;} 
</style>
<script type="text/javascript">
<!--
function flip(e) {
  current = e.style.display;
  if (current == 'block') {
    e.style.display = 'none';
    return 0;
  }
  else {
    e.style.display = 'block';
    return 1;
  }
}

function toggleBox(szDivId, elem, msg1, msg2)
{
  var res = -1;  if (document.getElementById) {
    res = flip(document.getElementById(szDivId));
  }
  else if (document.all) {
    // this is the way old msie versions work
    res = flip(document.all[szDivId]);
  }
  if(elem) {
    if(res == 0) elem.innerHTML = msg1; else elem.innerHTML = msg2;
  }

}

function toggleAllBoxes() {
  if (document.getElementsByTagName) {
    d = document.getElementsByTagName('div');
    for (i = 0; i < d.length; i++) {
      if (d[i].className == 'log') {
        flip(d[i]);
      }
    }
  }
}

// -->
</script>

</head>
<body>
<h2 align='center'>Smoke Tests</h2><table border='1' align="center">
<tr>
<td>Tests passed/Failed/Skipped:</td><td>9/3/0</td>
</tr><tr>
<td>Started on:</td><td>Fri Feb 06 16:55:43 IST 2026</td>
</tr>
<tr><td>Total time:</td><td>49 seconds (49340 ms)</td>
</tr><tr>
<td>Included groups:</td><td>smoke </td>
</tr><tr>
<td>Excluded groups:</td><td></td>
</tr>
</table><p/>
<small><i>(Hover the method name to see the test class name)</i></small><p/>
<table width='100%' border='1' class='invocation-failed'>
<tr><td colspan='4' align='center'><b>FAILED TESTS</b></td></tr>
<tr><td><b>Test method</b></td>
<td><b>Attribute(s)</b></td>
<td width="30%"><b>Exception</b></td>
<td width="10%"><b>Time (seconds)</b></td>
<td><b>Instance</b></td>
</tr>
<tr>
<td title='com.retail.ui.automation.test.LandingPageIndiaTest.testPageHeadlineText()'><b>testPageHeadlineText</b><br>Test class: com.retail.ui.automation.test.LandingPageIndiaTest</td>
<td><div><pre>java.lang.ExceptionInInitializerError
	at com.retail.ui.automation.test.LandingPageIndiaTest.testPageHeadlineText(LandingPageIndiaTest.java:59)
	at java.base/java.util.ArrayList.forEach(ArrayList.java:1511)
Caused by: java.lang.RuntimeException: Failed to initialize ExpectedJsonReader
	at com.retail.ui.automation.utils.test.ExpectedJsonReader.&lt;clinit&gt;(ExpectedJsonReader.java:29)
	... 29 more
Caused by: java.lang.RuntimeException: expected.json not found in classpath
	at com.retail.ui.automation.utils.test.ExpectedJsonReader.&lt;clinit&gt;(ExpectedJsonReader.java:22)
	... 29 more
... Removed 27 stack frames</pre></div><a href='#' onClick='toggleBox("stack-trace666040998", this, "Click to show all stack frames", "Click to hide stack frames")'>Click to show all stack frames</a>
<div class='stack-trace' id='stack-trace666040998'><pre>java.lang.ExceptionInInitializerError
	at com.retail.ui.automation.test.LandingPageIndiaTest.testPageHeadlineText(LandingPageIndiaTest.java:59)
	at java.base/jdk.internal.reflect.NativeMethodAccessorImpl.invoke0(Native Method)
	at java.base/jdk.internal.reflect.NativeMethodAccessorImpl.invoke(NativeMethodAccessorImpl.java:77)
	at java.base/jdk.internal.reflect.DelegatingMethodAccessorImpl.invoke(DelegatingMethodAccessorImpl.java:43)
	at java.base/java.lang.reflect.Method.invoke(Method.java:568)
	at org.testng.internal.invokers.MethodInvocationHelper.invokeMethod(MethodInvocationHelper.java:139)
	at org.testng.internal.invokers.TestInvoker.invokeMethod(TestInvoker.java:664)
	at org.testng.internal.invokers.TestInvoker.invokeTestMethod(TestInvoker.java:227)
	at org.testng.internal.invokers.MethodRunner.runInSequence(MethodRunner.java:50)
	at org.testng.internal.invokers.TestInvoker$MethodInvocationAgent.invoke(TestInvoker.java:957)
	at org.testng.internal.invokers.TestInvoker.invokeTestMethods(TestInvoker.java:200)
	at org.testng.internal.invokers.TestMethodWorker.invokeTestMethods(TestMethodWorker.java:148)
	at org.testng.internal.invokers.TestMethodWorker.run(TestMethodWorker.java:128)
	at java.base/java.util.ArrayList.forEach(ArrayList.java:1511)
	at org.testng.TestRunner.privateRun(TestRunner.java:848)
	at org.testng.TestRunner.run(TestRunner.java:621)
	at org.testng.SuiteRunner.runTest(SuiteRunner.java:443)
	at org.testng.SuiteRunner.runSequentially(SuiteRunner.java:437)
	at org.testng.SuiteRunner.privateRun(SuiteRunner.java:397)
	at org.testng.SuiteRunner.run(SuiteRunner.java:336)
	at org.testng.SuiteRunnerWorker.runSuite(SuiteRunnerWorker.java:52)
	at org.testng.SuiteRunnerWorker.run(SuiteRunnerWorker.java:95)
	at org.testng.TestNG.runSuitesSequentially(TestNG.java:1280)
	at org.testng.TestNG.runSuitesLocally(TestNG.java:1200)
	at org.testng.TestNG.runSuites(TestNG.java:1114)
	at org.testng.TestNG.run(TestNG.java:1082)
	at org.testng.remote.AbstractRemoteTestNG.run(AbstractRemoteTestNG.java:115)
	at org.testng.remote.RemoteTestNG.initAndRun(RemoteTestNG.java:293)
	at org.testng.remote.RemoteTestNG.main(RemoteTestNG.java:91)
Caused by: java.lang.RuntimeException: Failed to initialize ExpectedJsonReader
	at com.retail.ui.automation.utils.test.ExpectedJsonReader.&lt;clinit&gt;(ExpectedJsonReader.java:29)
	... 29 more
Caused by: java.lang.RuntimeException: expected.json not found in classpath
	at com.retail.ui.automation.utils.test.ExpectedJsonReader.&lt;clinit&gt;(ExpectedJsonReader.java:22)
	... 29 more
</pre></div></td>
<td>0</td>
<td>com.retail.ui.automation.test.LandingPageIndiaTest@175c2241</td></tr>
<tr>
<td title='com.retail.ui.automation.test.LandingPageIndiaTest.testProgramCardHeaderText()'><b>testProgramCardHeaderText</b><br>Test class: com.retail.ui.automation.test.LandingPageIndiaTest</td>
<td><div><pre>java.lang.NoClassDefFoundError: Could not initialize class com.retail.ui.automation.utils.test.ExpectedJsonReader
	at com.retail.ui.automation.test.LandingPageIndiaTest.testProgramCardHeaderText(LandingPageIndiaTest.java:114)
	at java.base/java.util.ArrayList.forEach(ArrayList.java:1511)
... Removed 27 stack frames</pre></div><a href='#' onClick='toggleBox("stack-trace83210381", this, "Click to show all stack frames", "Click to hide stack frames")'>Click to show all stack frames</a>
<div class='stack-trace' id='stack-trace83210381'><pre>java.lang.NoClassDefFoundError: Could not initialize class com.retail.ui.automation.utils.test.ExpectedJsonReader
	at com.retail.ui.automation.test.LandingPageIndiaTest.testProgramCardHeaderText(LandingPageIndiaTest.java:114)
	at java.base/jdk.internal.reflect.NativeMethodAccessorImpl.invoke0(Native Method)
	at java.base/jdk.internal.reflect.NativeMethodAccessorImpl.invoke(NativeMethodAccessorImpl.java:77)
	at java.base/jdk.internal.reflect.DelegatingMethodAccessorImpl.invoke(DelegatingMethodAccessorImpl.java:43)
	at java.base/java.lang.reflect.Method.invoke(Method.java:568)
	at org.testng.internal.invokers.MethodInvocationHelper.invokeMethod(MethodInvocationHelper.java:139)
	at org.testng.internal.invokers.TestInvoker.invokeMethod(TestInvoker.java:664)
	at org.testng.internal.invokers.TestInvoker.invokeTestMethod(TestInvoker.java:227)
	at org.testng.internal.invokers.MethodRunner.runInSequence(MethodRunner.java:50)
	at org.testng.internal.invokers.TestInvoker$MethodInvocationAgent.invoke(TestInvoker.java:957)
	at org.testng.internal.invokers.TestInvoker.invokeTestMethods(TestInvoker.java:200)
	at org.testng.internal.invokers.TestMethodWorker.invokeTestMethods(TestMethodWorker.java:148)
	at org.testng.internal.invokers.TestMethodWorker.run(TestMethodWorker.java:128)
	at java.base/java.util.ArrayList.forEach(ArrayList.java:1511)
	at org.testng.TestRunner.privateRun(TestRunner.java:848)
	at org.testng.TestRunner.run(TestRunner.java:621)
	at org.testng.SuiteRunner.runTest(SuiteRunner.java:443)
	at org.testng.SuiteRunner.runSequentially(SuiteRunner.java:437)
	at org.testng.SuiteRunner.privateRun(SuiteRunner.java:397)
	at org.testng.SuiteRunner.run(SuiteRunner.java:336)
	at org.testng.SuiteRunnerWorker.runSuite(SuiteRunnerWorker.java:52)
	at org.testng.SuiteRunnerWorker.run(SuiteRunnerWorker.java:95)
	at org.testng.TestNG.runSuitesSequentially(TestNG.java:1280)
	at org.testng.TestNG.runSuitesLocally(TestNG.java:1200)
	at org.testng.TestNG.runSuites(TestNG.java:1114)
	at org.testng.TestNG.run(TestNG.java:1082)
	at org.testng.remote.AbstractRemoteTestNG.run(AbstractRemoteTestNG.java:115)
	at org.testng.remote.RemoteTestNG.initAndRun(RemoteTestNG.java:293)
	at org.testng.remote.RemoteTestNG.main(RemoteTestNG.java:91)
</pre></div></td>
<td>0</td>
<td>com.retail.ui.automation.test.LandingPageIndiaTest@175c2241</td></tr>
<tr>
<td title='com.retail.ui.automation.test.LandingPageIndiaTest.testPageTitle()'><b>testPageTitle</b><br>Test class: com.retail.ui.automation.test.LandingPageIndiaTest</td>
<td><div><pre>java.lang.NoClassDefFoundError: Could not initialize class com.retail.ui.automation.utils.test.ExpectedJsonReader
	at com.retail.ui.automation.test.LandingPageIndiaTest.testPageTitle(LandingPageIndiaTest.java:26)
	at java.base/java.util.ArrayList.forEach(ArrayList.java:1511)
... Removed 27 stack frames</pre></div><a href='#' onClick='toggleBox("stack-trace720661245", this, "Click to show all stack frames", "Click to hide stack frames")'>Click to show all stack frames</a>
<div class='stack-trace' id='stack-trace720661245'><pre>java.lang.NoClassDefFoundError: Could not initialize class com.retail.ui.automation.utils.test.ExpectedJsonReader
	at com.retail.ui.automation.test.LandingPageIndiaTest.testPageTitle(LandingPageIndiaTest.java:26)
	at java.base/jdk.internal.reflect.NativeMethodAccessorImpl.invoke0(Native Method)
	at java.base/jdk.internal.reflect.NativeMethodAccessorImpl.invoke(NativeMethodAccessorImpl.java:77)
	at java.base/jdk.internal.reflect.DelegatingMethodAccessorImpl.invoke(DelegatingMethodAccessorImpl.java:43)
	at java.base/java.lang.reflect.Method.invoke(Method.java:568)
	at org.testng.internal.invokers.MethodInvocationHelper.invokeMethod(MethodInvocationHelper.java:139)
	at org.testng.internal.invokers.TestInvoker.invokeMethod(TestInvoker.java:664)
	at org.testng.internal.invokers.TestInvoker.invokeTestMethod(TestInvoker.java:227)
	at org.testng.internal.invokers.MethodRunner.runInSequence(MethodRunner.java:50)
	at org.testng.internal.invokers.TestInvoker$MethodInvocationAgent.invoke(TestInvoker.java:957)
	at org.testng.internal.invokers.TestInvoker.invokeTestMethods(TestInvoker.java:200)
	at org.testng.internal.invokers.TestMethodWorker.invokeTestMethods(TestMethodWorker.java:148)
	at org.testng.internal.invokers.TestMethodWorker.run(TestMethodWorker.java:128)
	at java.base/java.util.ArrayList.forEach(ArrayList.java:1511)
	at org.testng.TestRunner.privateRun(TestRunner.java:848)
	at org.testng.TestRunner.run(TestRunner.java:621)
	at org.testng.SuiteRunner.runTest(SuiteRunner.java:443)
	at org.testng.SuiteRunner.runSequentially(SuiteRunner.java:437)
	at org.testng.SuiteRunner.privateRun(SuiteRunner.java:397)
	at org.testng.SuiteRunner.run(SuiteRunner.java:336)
	at org.testng.SuiteRunnerWorker.runSuite(SuiteRunnerWorker.java:52)
	at org.testng.SuiteRunnerWorker.run(SuiteRunnerWorker.java:95)
	at org.testng.TestNG.runSuitesSequentially(TestNG.java:1280)
	at org.testng.TestNG.runSuitesLocally(TestNG.java:1200)
	at org.testng.TestNG.runSuites(TestNG.java:1114)
	at org.testng.TestNG.run(TestNG.java:1082)
	at org.testng.remote.AbstractRemoteTestNG.run(AbstractRemoteTestNG.java:115)
	at org.testng.remote.RemoteTestNG.initAndRun(RemoteTestNG.java:293)
	at org.testng.remote.RemoteTestNG.main(RemoteTestNG.java:91)
</pre></div></td>
<td>0</td>
<td>com.retail.ui.automation.test.LandingPageIndiaTest@175c2241</td></tr>
</table><p>
<table width='100%' border='1' class='invocation-passed'>
<tr><td colspan='4' align='center'><b>PASSED TESTS</b></td></tr>
<tr><td><b>Test method</b></td>
<td><b>Attribute(s)</b></td>
<td width="30%"><b>Exception</b></td>
<td width="10%"><b>Time (seconds)</b></td>
<td><b>Instance</b></td>
</tr>
<tr>
<td title='com.retail.ui.automation.test.LandingPageIndiaTest.testMagnifyingIconInSearchBar()'><b>testMagnifyingIconInSearchBar</b><br>Test class: com.retail.ui.automation.test.LandingPageIndiaTest</td>
<td></td>
<td>0</td>
<td>com.retail.ui.automation.test.LandingPageIndiaTest@175c2241</td></tr>
<tr>
<td title='com.retail.ui.automation.test.LandingPageIndiaTest.testPageHeadline()'><b>testPageHeadline</b><br>Test class: com.retail.ui.automation.test.LandingPageIndiaTest</td>
<td></td>
<td>0</td>
<td>com.retail.ui.automation.test.LandingPageIndiaTest@175c2241</td></tr>
<tr>
<td title='com.retail.ui.automation.test.LandingPageIndiaTest.testSearchBarIsPresent()'><b>testSearchBarIsPresent</b><br>Test class: com.retail.ui.automation.test.LandingPageIndiaTest</td>
<td></td>
<td>0</td>
<td>com.retail.ui.automation.test.LandingPageIndiaTest@175c2241</td></tr>
<tr>
<td title='com.retail.ui.automation.test.LandingPageIndiaTest.testProgramCardHeaderIsPresent()'><b>testProgramCardHeaderIsPresent</b><br>Test class: com.retail.ui.automation.test.LandingPageIndiaTest</td>
<td></td>
<td>4</td>
<td>com.retail.ui.automation.test.LandingPageIndiaTest@175c2241</td></tr>
<tr>
<td title='com.retail.ui.automation.test.LandingPageIndiaTest.testStoreCardAppleHebbal()'><b>testStoreCardAppleHebbal</b><br>Test class: com.retail.ui.automation.test.LandingPageIndiaTest</td>
<td></td>
<td>4</td>
<td>com.retail.ui.automation.test.LandingPageIndiaTest@175c2241</td></tr>
<tr>
<td title='com.retail.ui.automation.test.LandingPageIndiaTest.testFindAstoreLink()'><b>testFindAstoreLink</b><br>Test class: com.retail.ui.automation.test.LandingPageIndiaTest</td>
<td></td>
<td>0</td>
<td>com.retail.ui.automation.test.LandingPageIndiaTest@175c2241</td></tr>
<tr>
<td title='com.retail.ui.automation.test.LandingPageIndiaTest.testStoreCardAppleKoregaonPark()'><b>testStoreCardAppleKoregaonPark</b><br>Test class: com.retail.ui.automation.test.LandingPageIndiaTest</td>
<td></td>
<td>4</td>
<td>com.retail.ui.automation.test.LandingPageIndiaTest@175c2241</td></tr>
<tr>
<td title='com.retail.ui.automation.test.LandingPageIndiaTest.testCompleteStoreListLink()'><b>testCompleteStoreListLink</b><br>Test class: com.retail.ui.automation.test.LandingPageIndiaTest</td>
<td></td>
<td>0</td>
<td>com.retail.ui.automation.test.LandingPageIndiaTest@175c2241</td></tr>
<tr>
<td title='com.retail.ui.automation.test.LandingPageIndiaTest.testStoreCardAppleBKC()'><b>testStoreCardAppleBKC</b><br>Test class: com.retail.ui.automation.test.LandingPageIndiaTest</td>
<td></td>
<td>6</td>
<td>com.retail.ui.automation.test.LandingPageIndiaTest@175c2241</td></tr>
</table><p>
</body>
</html>