<?xml version="1.0" encoding="UTF-8"?>
<!-- Generated by org.testng.reporters.JUnitXMLReporter -->
<testsuite ignored="12" hostname="DESKTOP-7R7J0BR" failures="3" tests="3" name="Sanity Tests" time="0.073" errors="0" timestamp="2026-02-05T21:47:24 IST">
  <testcase classname="com.retail.ui.automation.test.LandingPageIndiaTest" name="testStoreAppleBKC" time="0.012">
    <failure type="java.lang.NullPointerException" message="Cannot invoke &amp;quot;com.retail.ui.automation.pages.LandingPageIndia.verifyStoreAppleBKC()&amp;quot; because &amp;quot;this.landingPageIndia&amp;quot; is null">
      <![CDATA[java.lang.NullPointerException: Cannot invoke "com.retail.ui.automation.pages.LandingPageIndia.verifyStoreAppleBKC()" because "this.landingPageIndia" is null
at com.retail.ui.automation.test.LandingPageIndiaTest.testStoreAppleBKC(LandingPageIndiaTest.java:119)
at java.base/java.util.ArrayList.forEach(ArrayList.java:1511)
... Removed 27 stack frames]]>
    </failure>
  </testcase> <!-- testStoreAppleBKC -->
  <testcase classname="com.retail.ui.automation.test.LandingPageIndiaTest" name="testStoreAppleHebbal" time="0.001">
    <failure type="java.lang.NullPointerException" message="Cannot invoke &amp;quot;com.retail.ui.automation.pages.LandingPageIndia.verifyStoreAppleHebbal()&amp;quot; because &amp;quot;this.landingPageIndia&amp;quot; is null">
      <![CDATA[java.lang.NullPointerException: Cannot invoke "com.retail.ui.automation.pages.LandingPageIndia.verifyStoreAppleHebbal()" because "this.landingPageIndia" is null
at com.retail.ui.automation.test.LandingPageIndiaTest.testStoreAppleHebbal(LandingPageIndiaTest.java:108)
at java.base/java.util.ArrayList.forEach(ArrayList.java:1511)
... Removed 27 stack frames]]>
    </failure>
  </testcase> <!-- testStoreAppleHebbal -->
  <testcase classname="com.retail.ui.automation.test.LandingPageIndiaTest" name="testStoreAppleKoregaonPark" time="0.001">
    <failure type="java.lang.NullPointerException" message="Cannot invoke &amp;quot;com.retail.ui.automation.pages.LandingPageIndia.verifyStoreAppleKoregaonPark()&amp;quot; because &amp;quot;this.landingPageIndia&amp;quot; is null">
      <![CDATA[java.lang.NullPointerException: Cannot invoke "com.retail.ui.automation.pages.LandingPageIndia.verifyStoreAppleKoregaonPark()" because "this.landingPageIndia" is null
at com.retail.ui.automation.test.LandingPageIndiaTest.testStoreAppleKoregaonPark(LandingPageIndiaTest.java:97)
at java.base/java.util.ArrayList.forEach(ArrayList.java:1511)
... Removed 27 stack frames]]>
    </failure>
  </testcase> <!-- testStoreAppleKoregaonPark -->
  <testcase classname="com.retail.ui.automation.test.LandingPageIndiaTest" name="testPageHeadline" time="0.0">
    <ignored/>
  </testcase> <!-- testPageHeadline -->
  <testcase classname="com.retail.ui.automation.test.LandingPageIndiaTest" name="testMagnifyingIconInSearchBar" time="0.0">
    <ignored/>
  </testcase> <!-- testMagnifyingIconInSearchBar -->
  <testcase classname="com.retail.ui.automation.test.LandingPageIndiaTest" name="testProgramCardHeaderText" time="0.0">
    <ignored/>
  </testcase> <!-- testProgramCardHeaderText -->
  <testcase classname="com.retail.ui.automation.test.LandingPageIndiaTest" name="testSearchBarIsPresent" time="0.0">
    <ignored/>
  </testcase> <!-- testSearchBarIsPresent -->
  <testcase classname="com.retail.ui.automation.test.LandingPageIndiaTest" name="testPageTitle" time="0.0">
    <ignored/>
  </testcase> <!-- testPageTitle -->
  <testcase classname="com.retail.ui.automation.test.LandingPageIndiaTest" name="testStoreCardAppleBKC" time="0.0">
    <ignored/>
  </testcase> <!-- testStoreCardAppleBKC -->
  <testcase classname="com.retail.ui.automation.test.LandingPageIndiaTest" name="testStorecardStoreCardAppleHebbal" time="0.0">
    <ignored/>
  </testcase> <!-- testStorecardStoreCardAppleHebbal -->
  <testcase classname="com.retail.ui.automation.test.LandingPageIndiaTest" name="testFindAstoreLink" time="0.0">
    <ignored/>
  </testcase> <!-- testFindAstoreLink -->
  <testcase classname="com.retail.ui.automation.test.LandingPageIndiaTest" name="testCompleteStoreListLink" time="0.0">
    <ignored/>
  </testcase> <!-- testCompleteStoreListLink -->
  <testcase classname="com.retail.ui.automation.test.LandingPageIndiaTest" name="testProgramCardHeaderIsPresent" time="0.0">
    <ignored/>
  </testcase> <!-- testProgramCardHeaderIsPresent -->
  <testcase classname="com.retail.ui.automation.test.LandingPageIndiaTest" name="testStorecardStoreCardAppleKoregaonPark" time="0.0">
    <ignored/>
  </testcase> <!-- testStorecardStoreCardAppleKoregaonPark -->
  <testcase classname="com.retail.ui.automation.test.LandingPageIndiaTest" name="testPageHeadlineText" time="0.0">
    <ignored/>
  </testcase> <!-- testPageHeadlineText -->
</testsuite> <!-- Sanity Tests -->
