<?xml version="1.0" encoding="UTF-8"?>
<!-- Generated by org.testng.reporters.JUnitXMLReporter -->
<testsuite ignored="3" hostname="DESKTOP-7R7J0BR" failures="3" tests="12" name="Smoke Tests" time="57.334" errors="0" timestamp="2026-02-07T12:37:03 IST">
  <testcase classname="com.retail.ui.automation.test.LandingPageIndiaTest" name="testCompleteStoreListLink" time="0.102"/>
  <testcase classname="com.retail.ui.automation.test.LandingPageIndiaTest" name="testFindAstoreLink" time="0.056"/>
  <testcase classname="com.retail.ui.automation.test.LandingPageIndiaTest" name="testMagnifyingIconInSearchBar" time="1.527"/>
  <testcase classname="com.retail.ui.automation.test.LandingPageIndiaTest" name="testPageHeadline" time="0.053"/>
  <testcase classname="com.retail.ui.automation.test.LandingPageIndiaTest" name="testPageHeadlineText" time="0.23">
    <failure type="java.lang.ExceptionInInitializerError">
      <![CDATA[java.lang.ExceptionInInitializerError
at com.retail.ui.automation.test.LandingPageIndiaTest.testPageHeadlineText(LandingPageIndiaTest.java:58)
at java.base/java.util.ArrayList.forEach(ArrayList.java:1511)
Caused by: java.lang.RuntimeException: Failed to initialize ExpectedJsonReader
at com.retail.ui.automation.utils.test.ExpectedJsonReader.<clinit>(ExpectedJsonReader.java:28)
... 33 more
Caused by: java.lang.RuntimeException: expected.json not found in classpath
at com.retail.ui.automation.utils.test.ExpectedJsonReader.<clinit>(ExpectedJsonReader.java:21)
... 33 more
... Removed 31 stack frames]]>
    </failure>
  </testcase> <!-- testPageHeadlineText -->
  <testcase classname="com.retail.ui.automation.test.LandingPageIndiaTest" name="testPageTitle" time="0.014">
    <failure type="java.lang.NoClassDefFoundError" message="Could not initialize class com.retail.ui.automation.utils.test.ExpectedJsonReader">
      <![CDATA[java.lang.NoClassDefFoundError: Could not initialize class com.retail.ui.automation.utils.test.ExpectedJsonReader
at com.retail.ui.automation.test.LandingPageIndiaTest.testPageTitle(LandingPageIndiaTest.java:25)
at java.base/java.util.ArrayList.forEach(ArrayList.java:1511)
... Removed 31 stack frames]]>
    </failure>
  </testcase> <!-- testPageTitle -->
  <testcase classname="com.retail.ui.automation.test.LandingPageIndiaTest" name="testProgramCardHeaderIsPresent" time="5.065"/>
  <testcase classname="com.retail.ui.automation.test.LandingPageIndiaTest" name="testProgramCardHeaderText" time="0.082">
    <failure type="java.lang.NoClassDefFoundError" message="Could not initialize class com.retail.ui.automation.utils.test.ExpectedJsonReader">
      <![CDATA[java.lang.NoClassDefFoundError: Could not initialize class com.retail.ui.automation.utils.test.ExpectedJsonReader
at com.retail.ui.automation.test.LandingPageIndiaTest.testProgramCardHeaderText(LandingPageIndiaTest.java:113)
at java.base/java.util.ArrayList.forEach(ArrayList.java:1511)
... Removed 31 stack frames]]>
    </failure>
  </testcase> <!-- testProgramCardHeaderText -->
  <testcase classname="com.retail.ui.automation.test.LandingPageIndiaTest" name="testSearchBarIsPresent" time="0.065"/>
  <testcase classname="com.retail.ui.automation.test.LandingPageIndiaTest" name="testStoreCardAppleBKC" time="4.955"/>
  <testcase classname="com.retail.ui.automation.test.LandingPageIndiaTest" name="testStoreCardAppleHebbal" time="3.294"/>
  <testcase classname="com.retail.ui.automation.test.LandingPageIndiaTest" name="testStoreCardAppleKoregaonPark" time="4.377"/>
  <testcase classname="com.retail.ui.automation.test.LandingPageIndiaTest" name="testStoreAppleKoregaonPark" time="0.0">
    <ignored/>
  </testcase> <!-- testStoreAppleKoregaonPark -->
  <testcase classname="com.retail.ui.automation.test.LandingPageIndiaTest" name="testStoreAppleHebbal" time="0.0">
    <ignored/>
  </testcase> <!-- testStoreAppleHebbal -->
  <testcase classname="com.retail.ui.automation.test.LandingPageIndiaTest" name="testStoreAppleBKC" time="0.0">
    <ignored/>
  </testcase> <!-- testStoreAppleBKC -->
</testsuite> <!-- Smoke Tests -->
