<?xml version="1.0" encoding="UTF-8"?>
<testng-results ignored="0" total="12" passed="9" failed="3" skipped="0">
  <reporter-output>
  </reporter-output>
  <suite started-at="2026-02-07T12:36:06 IST" name="Smoke Suite" finished-at="2026-02-07T12:37:03 IST" duration-ms="57334">
    <groups>
      <group name="smoke">
        <method signature="LandingPageIndiaTest.testCompleteStoreListLink()[pri:0, instance:com.retail.ui.automation.test.LandingPageIndiaTest@196a42c3]" name="testCompleteStoreListLink" class="com.retail.ui.automation.test.LandingPageIndiaTest"/>
        <method signature="LandingPageIndiaTest.testFindAstoreLink()[pri:0, instance:com.retail.ui.automation.test.LandingPageIndiaTest@196a42c3]" name="testFindAstoreLink" class="com.retail.ui.automation.test.LandingPageIndiaTest"/>
        <method signature="LandingPageIndiaTest.testMagnifyingIconInSearchBar()[pri:0, instance:com.retail.ui.automation.test.LandingPageIndiaTest@196a42c3]" name="testMagnifyingIconInSearchBar" class="com.retail.ui.automation.test.LandingPageIndiaTest"/>
        <method signature="LandingPageIndiaTest.testPageHeadline()[pri:0, instance:com.retail.ui.automation.test.LandingPageIndiaTest@196a42c3]" name="testPageHeadline" class="com.retail.ui.automation.test.LandingPageIndiaTest"/>
        <method signature="LandingPageIndiaTest.testPageHeadlineText()[pri:0, instance:com.retail.ui.automation.test.LandingPageIndiaTest@196a42c3]" name="testPageHeadlineText" class="com.retail.ui.automation.test.LandingPageIndiaTest"/>
        <method signature="LandingPageIndiaTest.testPageTitle()[pri:0, instance:com.retail.ui.automation.test.LandingPageIndiaTest@196a42c3]" name="testPageTitle" class="com.retail.ui.automation.test.LandingPageIndiaTest"/>
        <method signature="LandingPageIndiaTest.testProgramCardHeaderIsPresent()[pri:0, instance:com.retail.ui.automation.test.LandingPageIndiaTest@196a42c3]" name="testProgramCardHeaderIsPresent" class="com.retail.ui.automation.test.LandingPageIndiaTest"/>
        <method signature="LandingPageIndiaTest.testProgramCardHeaderText()[pri:0, instance:com.retail.ui.automation.test.LandingPageIndiaTest@196a42c3]" name="testProgramCardHeaderText" class="com.retail.ui.automation.test.LandingPageIndiaTest"/>
        <method signature="LandingPageIndiaTest.testSearchBarIsPresent()[pri:0, instance:com.retail.ui.automation.test.LandingPageIndiaTest@196a42c3]" name="testSearchBarIsPresent" class="com.retail.ui.automation.test.LandingPageIndiaTest"/>
        <method signature="LandingPageIndiaTest.testStoreCardAppleBKC()[pri:0, instance:com.retail.ui.automation.test.LandingPageIndiaTest@196a42c3]" name="testStoreCardAppleBKC" class="com.retail.ui.automation.test.LandingPageIndiaTest"/>
        <method signature="LandingPageIndiaTest.testStoreCardAppleHebbal()[pri:0, instance:com.retail.ui.automation.test.LandingPageIndiaTest@196a42c3]" name="testStoreCardAppleHebbal" class="com.retail.ui.automation.test.LandingPageIndiaTest"/>
        <method signature="LandingPageIndiaTest.testStoreCardAppleKoregaonPark()[pri:0, instance:com.retail.ui.automation.test.LandingPageIndiaTest@196a42c3]" name="testStoreCardAppleKoregaonPark" class="com.retail.ui.automation.test.LandingPageIndiaTest"/>
      </group> <!-- smoke -->
    </groups>
    <test started-at="2026-02-07T12:36:06 IST" name="Smoke Tests" finished-at="2026-02-07T12:37:03 IST" duration-ms="57334">
      <class name="com.retail.ui.automation.test.LandingPageIndiaTest">
        <test-method is-config="true" signature="setup()[pri:0, instance:com.retail.ui.automation.test.LandingPageIndiaTest@196a42c3]" started-at="2026-02-07T12:36:06 IST" name="setup" finished-at="2026-02-07T12:36:11 IST" duration-ms="5504" status="PASS">
          <reporter-output>
          </reporter-output>
        </test-method> <!-- setup -->
        <test-method is-config="true" signature="setupTest()[pri:0, instance:com.retail.ui.automation.test.LandingPageIndiaTest@196a42c3]" started-at="2026-02-07T12:36:11 IST" name="setupTest" finished-at="2026-02-07T12:36:11 IST" duration-ms="30" status="PASS">
          <reporter-output>
          </reporter-output>
        </test-method> <!-- setupTest -->
        <test-method signature="testCompleteStoreListLink()[pri:0, instance:com.retail.ui.automation.test.LandingPageIndiaTest@196a42c3]" started-at="2026-02-07T12:36:11 IST" name="testCompleteStoreListLink" finished-at="2026-02-07T12:36:12 IST" duration-ms="102" status="PASS">
          <reporter-output>
          </reporter-output>
        </test-method> <!-- testCompleteStoreListLink -->
        <test-method is-config="true" signature="tearDown(org.testng.ITestResult)[pri:0, instance:com.retail.ui.automation.test.LandingPageIndiaTest@196a42c3]" started-at="2026-02-07T12:36:12 IST" name="tearDown" finished-at="2026-02-07T12:36:12 IST" duration-ms="530" status="PASS">
          <params>
            <param index="0">
              <value>
                <![CDATA[[TestResult name=testCompleteStoreListLink status=SUCCESS method=LandingPageIndiaTest.testCompleteStoreListLink()[pri:0, instance:com.retail.ui.automation.test.LandingPageIndiaTest@196a42c3] output={null}]]]>
              </value>
            </param>
          </params>
          <reporter-output>
          </reporter-output>
        </test-method> <!-- tearDown -->
        <test-method is-config="true" signature="setup()[pri:0, instance:com.retail.ui.automation.test.LandingPageIndiaTest@196a42c3]" started-at="2026-02-07T12:36:12 IST" name="setup" finished-at="2026-02-07T12:36:14 IST" duration-ms="1952" status="PASS">
          <reporter-output>
          </reporter-output>
        </test-method> <!-- setup -->
        <test-method signature="testFindAstoreLink()[pri:0, instance:com.retail.ui.automation.test.LandingPageIndiaTest@196a42c3]" started-at="2026-02-07T12:36:14 IST" name="testFindAstoreLink" finished-at="2026-02-07T12:36:14 IST" duration-ms="56" status="PASS">
          <reporter-output>
          </reporter-output>
        </test-method> <!-- testFindAstoreLink -->
        <test-method is-config="true" signature="setupTest()[pri:0, instance:com.retail.ui.automation.test.LandingPageIndiaTest@196a42c3]" started-at="2026-02-07T12:36:14 IST" name="setupTest" finished-at="2026-02-07T12:36:14 IST" duration-ms="0" status="PASS">
          <reporter-output>
          </reporter-output>
        </test-method> <!-- setupTest -->
        <test-method is-config="true" signature="tearDown(org.testng.ITestResult)[pri:0, instance:com.retail.ui.automation.test.LandingPageIndiaTest@196a42c3]" started-at="2026-02-07T12:36:14 IST" name="tearDown" finished-at="2026-02-07T12:36:14 IST" duration-ms="319" status="PASS">
          <params>
            <param index="0">
              <value>
                <![CDATA[[TestResult name=testFindAstoreLink status=SUCCESS method=LandingPageIndiaTest.testFindAstoreLink()[pri:0, instance:com.retail.ui.automation.test.LandingPageIndiaTest@196a42c3] output={null}]]]>
              </value>
            </param>
          </params>
          <reporter-output>
          </reporter-output>
        </test-method> <!-- tearDown -->
        <test-method is-config="true" signature="setup()[pri:0, instance:com.retail.ui.automation.test.LandingPageIndiaTest@196a42c3]" started-at="2026-02-07T12:36:14 IST" name="setup" finished-at="2026-02-07T12:36:15 IST" duration-ms="960" status="PASS">
          <reporter-output>
          </reporter-output>
        </test-method> <!-- setup -->
        <test-method is-config="true" signature="setupTest()[pri:0, instance:com.retail.ui.automation.test.LandingPageIndiaTest@196a42c3]" started-at="2026-02-07T12:36:15 IST" name="setupTest" finished-at="2026-02-07T12:36:15 IST" duration-ms="8" status="PASS">
          <reporter-output>
          </reporter-output>
        </test-method> <!-- setupTest -->
        <test-method signature="testMagnifyingIconInSearchBar()[pri:0, instance:com.retail.ui.automation.test.LandingPageIndiaTest@196a42c3]" started-at="2026-02-07T12:36:15 IST" name="testMagnifyingIconInSearchBar" finished-at="2026-02-07T12:36:17 IST" duration-ms="1527" status="PASS">
          <reporter-output>
          </reporter-output>
        </test-method> <!-- testMagnifyingIconInSearchBar -->
        <test-method is-config="true" signature="tearDown(org.testng.ITestResult)[pri:0, instance:com.retail.ui.automation.test.LandingPageIndiaTest@196a42c3]" started-at="2026-02-07T12:36:17 IST" name="tearDown" finished-at="2026-02-07T12:36:18 IST" duration-ms="652" status="PASS">
          <params>
            <param index="0">
              <value>
                <![CDATA[[TestResult name=testMagnifyingIconInSearchBar status=SUCCESS method=LandingPageIndiaTest.testMagnifyingIconInSearchBar()[pri:0, instance:com.retail.ui.automation.test.LandingPageIndiaTest@196a42c3] output={null}]]]>
              </value>
            </param>
          </params>
          <reporter-output>
          </reporter-output>
        </test-method> <!-- tearDown -->
        <test-method is-config="true" signature="setup()[pri:0, instance:com.retail.ui.automation.test.LandingPageIndiaTest@196a42c3]" started-at="2026-02-07T12:36:18 IST" name="setup" finished-at="2026-02-07T12:36:20 IST" duration-ms="2601" status="PASS">
          <reporter-output>
          </reporter-output>
        </test-method> <!-- setup -->
        <test-method signature="testPageHeadline()[pri:0, instance:com.retail.ui.automation.test.LandingPageIndiaTest@196a42c3]" started-at="2026-02-07T12:36:20 IST" name="testPageHeadline" finished-at="2026-02-07T12:36:20 IST" duration-ms="53" status="PASS">
          <reporter-output>
          </reporter-output>
        </test-method> <!-- testPageHeadline -->
        <test-method is-config="true" signature="setupTest()[pri:0, instance:com.retail.ui.automation.test.LandingPageIndiaTest@196a42c3]" started-at="2026-02-07T12:36:20 IST" name="setupTest" finished-at="2026-02-07T12:36:20 IST" duration-ms="0" status="PASS">
          <reporter-output>
          </reporter-output>
        </test-method> <!-- setupTest -->
        <test-method is-config="true" signature="tearDown(org.testng.ITestResult)[pri:0, instance:com.retail.ui.automation.test.LandingPageIndiaTest@196a42c3]" started-at="2026-02-07T12:36:20 IST" name="tearDown" finished-at="2026-02-07T12:36:21 IST" duration-ms="423" status="PASS">
          <params>
            <param index="0">
              <value>
                <![CDATA[[TestResult name=testPageHeadline status=SUCCESS method=LandingPageIndiaTest.testPageHeadline()[pri:0, instance:com.retail.ui.automation.test.LandingPageIndiaTest@196a42c3] output={null}]]]>
              </value>
            </param>
          </params>
          <reporter-output>
          </reporter-output>
        </test-method> <!-- tearDown -->
        <test-method is-config="true" signature="setup()[pri:0, instance:com.retail.ui.automation.test.LandingPageIndiaTest@196a42c3]" started-at="2026-02-07T12:36:21 IST" name="setup" finished-at="2026-02-07T12:36:23 IST" duration-ms="2497" status="PASS">
          <reporter-output>
          </reporter-output>
        </test-method> <!-- setup -->
        <test-method signature="testPageHeadlineText()[pri:0, instance:com.retail.ui.automation.test.LandingPageIndiaTest@196a42c3]" started-at="2026-02-07T12:36:23 IST" name="testPageHeadlineText" finished-at="2026-02-07T12:36:23 IST" duration-ms="230" status="FAIL">
          <exception class="java.lang.ExceptionInInitializerError">
            <full-stacktrace>
              <![CDATA[java.lang.ExceptionInInitializerError
at com.retail.ui.automation.test.LandingPageIndiaTest.testPageHeadlineText(LandingPageIndiaTest.java:58)
at java.base/jdk.internal.reflect.NativeMethodAccessorImpl.invoke0(Native Method)
at java.base/jdk.internal.reflect.NativeMethodAccessorImpl.invoke(NativeMethodAccessorImpl.java:77)
at java.base/jdk.internal.reflect.DelegatingMethodAccessorImpl.invoke(DelegatingMethodAccessorImpl.java:43)
at java.base/java.lang.reflect.Method.invoke(Method.java:568)
at org.testng.internal.invokers.MethodInvocationHelper.invokeMethod(MethodInvocationHelper.java:139)
at org.testng.internal.invokers.TestInvoker.invokeMethod(TestInvoker.java:664)
at org.testng.internal.invokers.TestInvoker.invokeTestMethod(TestInvoker.java:228)
at org.testng.internal.invokers.MethodRunner.runInSequence(MethodRunner.java:63)
at org.testng.internal.invokers.TestInvoker$MethodInvocationAgent.invoke(TestInvoker.java:961)
at org.testng.internal.invokers.TestInvoker.invokeTestMethods(TestInvoker.java:201)
at org.testng.internal.invokers.TestMethodWorker.invokeTestMethods(TestMethodWorker.java:148)
at org.testng.internal.invokers.TestMethodWorker.run(TestMethodWorker.java:128)
at java.base/java.util.ArrayList.forEach(ArrayList.java:1511)
at org.testng.TestRunner.privateRun(TestRunner.java:819)
at org.testng.TestRunner.run(TestRunner.java:619)
at org.testng.SuiteRunner.runTest(SuiteRunner.java:443)
at org.testng.SuiteRunner.runSequentially(SuiteRunner.java:437)
at org.testng.SuiteRunner.privateRun(SuiteRunner.java:397)
at org.testng.SuiteRunner.run(SuiteRunner.java:336)
at org.testng.SuiteRunnerWorker.runSuite(SuiteRunnerWorker.java:52)
at org.testng.SuiteRunnerWorker.run(SuiteRunnerWorker.java:95)
at org.testng.TestNG.runSuitesSequentially(TestNG.java:1301)
at org.testng.TestNG.runSuitesLocally(TestNG.java:1228)
at org.testng.TestNG.runSuites(TestNG.java:1134)
at org.testng.TestNG.run(TestNG.java:1101)
at org.apache.maven.surefire.testng.TestNGExecutor.run(TestNGExecutor.java:308)
at org.apache.maven.surefire.testng.TestNGXmlTestSuite.execute(TestNGXmlTestSuite.java:71)
at org.apache.maven.surefire.testng.TestNGProvider.invoke(TestNGProvider.java:113)
at org.apache.maven.surefire.booter.ForkedBooter.runSuitesInProcess(ForkedBooter.java:385)
at org.apache.maven.surefire.booter.ForkedBooter.execute(ForkedBooter.java:162)
at org.apache.maven.surefire.booter.ForkedBooter.run(ForkedBooter.java:507)
at org.apache.maven.surefire.booter.ForkedBooter.main(ForkedBooter.java:495)
Caused by: java.lang.RuntimeException: Failed to initialize ExpectedJsonReader
at com.retail.ui.automation.utils.test.ExpectedJsonReader.<clinit>(ExpectedJsonReader.java:28)
... 33 more
Caused by: java.lang.RuntimeException: expected.json not found in classpath
at com.retail.ui.automation.utils.test.ExpectedJsonReader.<clinit>(ExpectedJsonReader.java:21)
... 33 more
]]>
            </full-stacktrace>
          </exception> <!-- java.lang.ExceptionInInitializerError -->
          <reporter-output>
          </reporter-output>
        </test-method> <!-- testPageHeadlineText -->
        <test-method is-config="true" signature="setupTest()[pri:0, instance:com.retail.ui.automation.test.LandingPageIndiaTest@196a42c3]" started-at="2026-02-07T12:36:23 IST" name="setupTest" finished-at="2026-02-07T12:36:23 IST" duration-ms="0" status="PASS">
          <reporter-output>
          </reporter-output>
        </test-method> <!-- setupTest -->
        <test-method is-config="true" signature="tearDown(org.testng.ITestResult)[pri:0, instance:com.retail.ui.automation.test.LandingPageIndiaTest@196a42c3]" started-at="2026-02-07T12:36:23 IST" name="tearDown" finished-at="2026-02-07T12:36:24 IST" duration-ms="946" status="PASS">
          <params>
            <param index="0">
              <value>
                <![CDATA[[TestResult name=testPageHeadlineText status=FAILURE method=LandingPageIndiaTest.testPageHeadlineText()[pri:0, instance:com.retail.ui.automation.test.LandingPageIndiaTest@196a42c3] output={null}]]]>
              </value>
            </param>
          </params>
          <reporter-output>
          </reporter-output>
        </test-method> <!-- tearDown -->
        <test-method is-config="true" signature="setup()[pri:0, instance:com.retail.ui.automation.test.LandingPageIndiaTest@196a42c3]" started-at="2026-02-07T12:36:24 IST" name="setup" finished-at="2026-02-07T12:36:27 IST" duration-ms="2731" status="PASS">
          <reporter-output>
          </reporter-output>
        </test-method> <!-- setup -->
        <test-method is-config="true" signature="setupTest()[pri:0, instance:com.retail.ui.automation.test.LandingPageIndiaTest@196a42c3]" started-at="2026-02-07T12:36:27 IST" name="setupTest" finished-at="2026-02-07T12:36:27 IST" duration-ms="4" status="PASS">
          <reporter-output>
          </reporter-output>
        </test-method> <!-- setupTest -->
        <test-method signature="testPageTitle()[pri:0, instance:com.retail.ui.automation.test.LandingPageIndiaTest@196a42c3]" started-at="2026-02-07T12:36:27 IST" name="testPageTitle" finished-at="2026-02-07T12:36:27 IST" duration-ms="14" status="FAIL">
          <exception class="java.lang.NoClassDefFoundError">
            <message>
              <![CDATA[Could not initialize class com.retail.ui.automation.utils.test.ExpectedJsonReader]]>
            </message>
            <full-stacktrace>
              <![CDATA[java.lang.NoClassDefFoundError: Could not initialize class com.retail.ui.automation.utils.test.ExpectedJsonReader
at com.retail.ui.automation.test.LandingPageIndiaTest.testPageTitle(LandingPageIndiaTest.java:25)
at java.base/jdk.internal.reflect.NativeMethodAccessorImpl.invoke0(Native Method)
at java.base/jdk.internal.reflect.NativeMethodAccessorImpl.invoke(NativeMethodAccessorImpl.java:77)
at java.base/jdk.internal.reflect.DelegatingMethodAccessorImpl.invoke(DelegatingMethodAccessorImpl.java:43)
at java.base/java.lang.reflect.Method.invoke(Method.java:568)
at org.testng.internal.invokers.MethodInvocationHelper.invokeMethod(MethodInvocationHelper.java:139)
at org.testng.internal.invokers.TestInvoker.invokeMethod(TestInvoker.java:664)
at org.testng.internal.invokers.TestInvoker.invokeTestMethod(TestInvoker.java:228)
at org.testng.internal.invokers.MethodRunner.runInSequence(MethodRunner.java:63)
at org.testng.internal.invokers.TestInvoker$MethodInvocationAgent.invoke(TestInvoker.java:961)
at org.testng.internal.invokers.TestInvoker.invokeTestMethods(TestInvoker.java:201)
at org.testng.internal.invokers.TestMethodWorker.invokeTestMethods(TestMethodWorker.java:148)
at org.testng.internal.invokers.TestMethodWorker.run(TestMethodWorker.java:128)
at java.base/java.util.ArrayList.forEach(ArrayList.java:1511)
at org.testng.TestRunner.privateRun(TestRunner.java:819)
at org.testng.TestRunner.run(TestRunner.java:619)
at org.testng.SuiteRunner.runTest(SuiteRunner.java:443)
at org.testng.SuiteRunner.runSequentially(SuiteRunner.java:437)
at org.testng.SuiteRunner.privateRun(SuiteRunner.java:397)
at org.testng.SuiteRunner.run(SuiteRunner.java:336)
at org.testng.SuiteRunnerWorker.runSuite(SuiteRunnerWorker.java:52)
at org.testng.SuiteRunnerWorker.run(SuiteRunnerWorker.java:95)
at org.testng.TestNG.runSuitesSequentially(TestNG.java:1301)
at org.testng.TestNG.runSuitesLocally(TestNG.java:1228)
at org.testng.TestNG.runSuites(TestNG.java:1134)
at org.testng.TestNG.run(TestNG.java:1101)
at org.apache.maven.surefire.testng.TestNGExecutor.run(TestNGExecutor.java:308)
at org.apache.maven.surefire.testng.TestNGXmlTestSuite.execute(TestNGXmlTestSuite.java:71)
at org.apache.maven.surefire.testng.TestNGProvider.invoke(TestNGProvider.java:113)
at org.apache.maven.surefire.booter.ForkedBooter.runSuitesInProcess(ForkedBooter.java:385)
at org.apache.maven.surefire.booter.ForkedBooter.execute(ForkedBooter.java:162)
at org.apache.maven.surefire.booter.ForkedBooter.run(ForkedBooter.java:507)
at org.apache.maven.surefire.booter.ForkedBooter.main(ForkedBooter.java:495)
]]>
            </full-stacktrace>
          </exception> <!-- java.lang.NoClassDefFoundError -->
          <reporter-output>
          </reporter-output>
        </test-method> <!-- testPageTitle -->
        <test-method is-config="true" signature="tearDown(org.testng.ITestResult)[pri:0, instance:com.retail.ui.automation.test.LandingPageIndiaTest@196a42c3]" started-at="2026-02-07T12:36:27 IST" name="tearDown" finished-at="2026-02-07T12:36:28 IST" duration-ms="571" status="PASS">
          <params>
            <param index="0">
              <value>
                <![CDATA[[TestResult name=testPageTitle status=FAILURE method=LandingPageIndiaTest.testPageTitle()[pri:0, instance:com.retail.ui.automation.test.LandingPageIndiaTest@196a42c3] output={null}]]]>
              </value>
            </param>
          </params>
          <reporter-output>
          </reporter-output>
        </test-method> <!-- tearDown -->
        <test-method is-config="true" signature="setup()[pri:0, instance:com.retail.ui.automation.test.LandingPageIndiaTest@196a42c3]" started-at="2026-02-07T12:36:28 IST" name="setup" finished-at="2026-02-07T12:36:30 IST" duration-ms="2418" status="PASS">
          <reporter-output>
          </reporter-output>
        </test-method> <!-- setup -->
        <test-method is-config="true" signature="setupTest()[pri:0, instance:com.retail.ui.automation.test.LandingPageIndiaTest@196a42c3]" started-at="2026-02-07T12:36:30 IST" name="setupTest" finished-at="2026-02-07T12:36:30 IST" duration-ms="2" status="PASS">
          <reporter-output>
          </reporter-output>
        </test-method> <!-- setupTest -->
        <test-method signature="testProgramCardHeaderIsPresent()[pri:0, instance:com.retail.ui.automation.test.LandingPageIndiaTest@196a42c3]" started-at="2026-02-07T12:36:30 IST" name="testProgramCardHeaderIsPresent" finished-at="2026-02-07T12:36:35 IST" duration-ms="5065" status="PASS">
          <reporter-output>
          </reporter-output>
        </test-method> <!-- testProgramCardHeaderIsPresent -->
        <test-method is-config="true" signature="tearDown(org.testng.ITestResult)[pri:0, instance:com.retail.ui.automation.test.LandingPageIndiaTest@196a42c3]" started-at="2026-02-07T12:36:35 IST" name="tearDown" finished-at="2026-02-07T12:36:36 IST" duration-ms="694" status="PASS">
          <params>
            <param index="0">
              <value>
                <![CDATA[[TestResult name=testProgramCardHeaderIsPresent status=SUCCESS method=LandingPageIndiaTest.testProgramCardHeaderIsPresent()[pri:0, instance:com.retail.ui.automation.test.LandingPageIndiaTest@196a42c3] output={null}]]]>
              </value>
            </param>
          </params>
          <reporter-output>
          </reporter-output>
        </test-method> <!-- tearDown -->
        <test-method is-config="true" signature="setup()[pri:0, instance:com.retail.ui.automation.test.LandingPageIndiaTest@196a42c3]" started-at="2026-02-07T12:36:36 IST" name="setup" finished-at="2026-02-07T12:36:38 IST" duration-ms="2276" status="PASS">
          <reporter-output>
          </reporter-output>
        </test-method> <!-- setup -->
        <test-method signature="testProgramCardHeaderText()[pri:0, instance:com.retail.ui.automation.test.LandingPageIndiaTest@196a42c3]" started-at="2026-02-07T12:36:38 IST" name="testProgramCardHeaderText" finished-at="2026-02-07T12:36:38 IST" duration-ms="82" status="FAIL">
          <exception class="java.lang.NoClassDefFoundError">
            <message>
              <![CDATA[Could not initialize class com.retail.ui.automation.utils.test.ExpectedJsonReader]]>
            </message>
            <full-stacktrace>
              <![CDATA[java.lang.NoClassDefFoundError: Could not initialize class com.retail.ui.automation.utils.test.ExpectedJsonReader
at com.retail.ui.automation.test.LandingPageIndiaTest.testProgramCardHeaderText(LandingPageIndiaTest.java:113)
at java.base/jdk.internal.reflect.NativeMethodAccessorImpl.invoke0(Native Method)
at java.base/jdk.internal.reflect.NativeMethodAccessorImpl.invoke(NativeMethodAccessorImpl.java:77)
at java.base/jdk.internal.reflect.DelegatingMethodAccessorImpl.invoke(DelegatingMethodAccessorImpl.java:43)
at java.base/java.lang.reflect.Method.invoke(Method.java:568)
at org.testng.internal.invokers.MethodInvocationHelper.invokeMethod(MethodInvocationHelper.java:139)
at org.testng.internal.invokers.TestInvoker.invokeMethod(TestInvoker.java:664)
at org.testng.internal.invokers.TestInvoker.invokeTestMethod(TestInvoker.java:228)
at org.testng.internal.invokers.MethodRunner.runInSequence(MethodRunner.java:63)
at org.testng.internal.invokers.TestInvoker$MethodInvocationAgent.invoke(TestInvoker.java:961)
at org.testng.internal.invokers.TestInvoker.invokeTestMethods(TestInvoker.java:201)
at org.testng.internal.invokers.TestMethodWorker.invokeTestMethods(TestMethodWorker.java:148)
at org.testng.internal.invokers.TestMethodWorker.run(TestMethodWorker.java:128)
at java.base/java.util.ArrayList.forEach(ArrayList.java:1511)
at org.testng.TestRunner.privateRun(TestRunner.java:819)
at org.testng.TestRunner.run(TestRunner.java:619)
at org.testng.SuiteRunner.runTest(SuiteRunner.java:443)
at org.testng.SuiteRunner.runSequentially(SuiteRunner.java:437)
at org.testng.SuiteRunner.privateRun(SuiteRunner.java:397)
at org.testng.SuiteRunner.run(SuiteRunner.java:336)
at org.testng.SuiteRunnerWorker.runSuite(SuiteRunnerWorker.java:52)
at org.testng.SuiteRunnerWorker.run(SuiteRunnerWorker.java:95)
at org.testng.TestNG.runSuitesSequentially(TestNG.java:1301)
at org.testng.TestNG.runSuitesLocally(TestNG.java:1228)
at org.testng.TestNG.runSuites(TestNG.java:1134)
at org.testng.TestNG.run(TestNG.java:1101)
at org.apache.maven.surefire.testng.TestNGExecutor.run(TestNGExecutor.java:308)
at org.apache.maven.surefire.testng.TestNGXmlTestSuite.execute(TestNGXmlTestSuite.java:71)
at org.apache.maven.surefire.testng.TestNGProvider.invoke(TestNGProvider.java:113)
at org.apache.maven.surefire.booter.ForkedBooter.runSuitesInProcess(ForkedBooter.java:385)
at org.apache.maven.surefire.booter.ForkedBooter.execute(ForkedBooter.java:162)
at org.apache.maven.surefire.booter.ForkedBooter.run(ForkedBooter.java:507)
at org.apache.maven.surefire.booter.ForkedBooter.main(ForkedBooter.java:495)
]]>
            </full-stacktrace>
          </exception> <!-- java.lang.NoClassDefFoundError -->
          <reporter-output>
          </reporter-output>
        </test-method> <!-- testProgramCardHeaderText -->
        <test-method is-config="true" signature="setupTest()[pri:0, instance:com.retail.ui.automation.test.LandingPageIndiaTest@196a42c3]" started-at="2026-02-07T12:36:38 IST" name="setupTest" finished-at="2026-02-07T12:36:38 IST" duration-ms="0" status="PASS">
          <reporter-output>
          </reporter-output>
        </test-method> <!-- setupTest -->
        <test-method is-config="true" signature="tearDown(org.testng.ITestResult)[pri:0, instance:com.retail.ui.automation.test.LandingPageIndiaTest@196a42c3]" started-at="2026-02-07T12:36:38 IST" name="tearDown" finished-at="2026-02-07T12:36:39 IST" duration-ms="612" status="PASS">
          <params>
            <param index="0">
              <value>
                <![CDATA[[TestResult name=testProgramCardHeaderText status=FAILURE method=LandingPageIndiaTest.testProgramCardHeaderText()[pri:0, instance:com.retail.ui.automation.test.LandingPageIndiaTest@196a42c3] output={null}]]]>
              </value>
            </param>
          </params>
          <reporter-output>
          </reporter-output>
        </test-method> <!-- tearDown -->
        <test-method is-config="true" signature="setup()[pri:0, instance:com.retail.ui.automation.test.LandingPageIndiaTest@196a42c3]" started-at="2026-02-07T12:36:39 IST" name="setup" finished-at="2026-02-07T12:36:41 IST" duration-ms="2553" status="PASS">
          <reporter-output>
          </reporter-output>
        </test-method> <!-- setup -->
        <test-method is-config="true" signature="setupTest()[pri:0, instance:com.retail.ui.automation.test.LandingPageIndiaTest@196a42c3]" started-at="2026-02-07T12:36:41 IST" name="setupTest" finished-at="2026-02-07T12:36:41 IST" duration-ms="2" status="PASS">
          <reporter-output>
          </reporter-output>
        </test-method> <!-- setupTest -->
        <test-method signature="testSearchBarIsPresent()[pri:0, instance:com.retail.ui.automation.test.LandingPageIndiaTest@196a42c3]" started-at="2026-02-07T12:36:41 IST" name="testSearchBarIsPresent" finished-at="2026-02-07T12:36:42 IST" duration-ms="65" status="PASS">
          <reporter-output>
          </reporter-output>
        </test-method> <!-- testSearchBarIsPresent -->
        <test-method is-config="true" signature="tearDown(org.testng.ITestResult)[pri:0, instance:com.retail.ui.automation.test.LandingPageIndiaTest@196a42c3]" started-at="2026-02-07T12:36:42 IST" name="tearDown" finished-at="2026-02-07T12:36:42 IST" duration-ms="392" status="PASS">
          <params>
            <param index="0">
              <value>
                <![CDATA[[TestResult name=testSearchBarIsPresent status=SUCCESS method=LandingPageIndiaTest.testSearchBarIsPresent()[pri:0, instance:com.retail.ui.automation.test.LandingPageIndiaTest@196a42c3] output={null}]]]>
              </value>
            </param>
          </params>
          <reporter-output>
          </reporter-output>
        </test-method> <!-- tearDown -->
        <test-method is-config="true" signature="setup()[pri:0, instance:com.retail.ui.automation.test.LandingPageIndiaTest@196a42c3]" started-at="2026-02-07T12:36:42 IST" name="setup" finished-at="2026-02-07T12:36:44 IST" duration-ms="2324" status="PASS">
          <reporter-output>
          </reporter-output>
        </test-method> <!-- setup -->
        <test-method signature="testStoreCardAppleBKC()[pri:0, instance:com.retail.ui.automation.test.LandingPageIndiaTest@196a42c3]" started-at="2026-02-07T12:36:44 IST" name="testStoreCardAppleBKC" finished-at="2026-02-07T12:36:49 IST" duration-ms="4955" status="PASS">
          <reporter-output>
          </reporter-output>
        </test-method> <!-- testStoreCardAppleBKC -->
        <test-method is-config="true" signature="setupTest()[pri:0, instance:com.retail.ui.automation.test.LandingPageIndiaTest@196a42c3]" started-at="2026-02-07T12:36:44 IST" name="setupTest" finished-at="2026-02-07T12:36:44 IST" duration-ms="0" status="PASS">
          <reporter-output>
          </reporter-output>
        </test-method> <!-- setupTest -->
        <test-method is-config="true" signature="tearDown(org.testng.ITestResult)[pri:0, instance:com.retail.ui.automation.test.LandingPageIndiaTest@196a42c3]" started-at="2026-02-07T12:36:49 IST" name="tearDown" finished-at="2026-02-07T12:36:50 IST" duration-ms="447" status="PASS">
          <params>
            <param index="0">
              <value>
                <![CDATA[[TestResult name=testStoreCardAppleBKC status=SUCCESS method=LandingPageIndiaTest.testStoreCardAppleBKC()[pri:0, instance:com.retail.ui.automation.test.LandingPageIndiaTest@196a42c3] output={null}]]]>
              </value>
            </param>
          </params>
          <reporter-output>
          </reporter-output>
        </test-method> <!-- tearDown -->
        <test-method is-config="true" signature="setup()[pri:0, instance:com.retail.ui.automation.test.LandingPageIndiaTest@196a42c3]" started-at="2026-02-07T12:36:50 IST" name="setup" finished-at="2026-02-07T12:36:52 IST" duration-ms="2568" status="PASS">
          <reporter-output>
          </reporter-output>
        </test-method> <!-- setup -->
        <test-method signature="testStoreCardAppleHebbal()[pri:0, instance:com.retail.ui.automation.test.LandingPageIndiaTest@196a42c3]" started-at="2026-02-07T12:36:52 IST" name="testStoreCardAppleHebbal" finished-at="2026-02-07T12:36:56 IST" duration-ms="3294" status="PASS">
          <reporter-output>
          </reporter-output>
        </test-method> <!-- testStoreCardAppleHebbal -->
        <test-method is-config="true" signature="setupTest()[pri:0, instance:com.retail.ui.automation.test.LandingPageIndiaTest@196a42c3]" started-at="2026-02-07T12:36:52 IST" name="setupTest" finished-at="2026-02-07T12:36:52 IST" duration-ms="0" status="PASS">
          <reporter-output>
          </reporter-output>
        </test-method> <!-- setupTest -->
        <test-method is-config="true" signature="tearDown(org.testng.ITestResult)[pri:0, instance:com.retail.ui.automation.test.LandingPageIndiaTest@196a42c3]" started-at="2026-02-07T12:36:56 IST" name="tearDown" finished-at="2026-02-07T12:36:56 IST" duration-ms="441" status="PASS">
          <params>
            <param index="0">
              <value>
                <![CDATA[[TestResult name=testStoreCardAppleHebbal status=SUCCESS method=LandingPageIndiaTest.testStoreCardAppleHebbal()[pri:0, instance:com.retail.ui.automation.test.LandingPageIndiaTest@196a42c3] output={null}]]]>
              </value>
            </param>
          </params>
          <reporter-output>
          </reporter-output>
        </test-method> <!-- tearDown -->
        <test-method is-config="true" signature="setup()[pri:0, instance:com.retail.ui.automation.test.LandingPageIndiaTest@196a42c3]" started-at="2026-02-07T12:36:56 IST" name="setup" finished-at="2026-02-07T12:36:58 IST" duration-ms="2324" status="PASS">
          <reporter-output>
          </reporter-output>
        </test-method> <!-- setup -->
        <test-method is-config="true" signature="setupTest()[pri:0, instance:com.retail.ui.automation.test.LandingPageIndiaTest@196a42c3]" started-at="2026-02-07T12:36:58 IST" name="setupTest" finished-at="2026-02-07T12:36:58 IST" duration-ms="3" status="PASS">
          <reporter-output>
          </reporter-output>
        </test-method> <!-- setupTest -->
        <test-method signature="testStoreCardAppleKoregaonPark()[pri:0, instance:com.retail.ui.automation.test.LandingPageIndiaTest@196a42c3]" started-at="2026-02-07T12:36:58 IST" name="testStoreCardAppleKoregaonPark" finished-at="2026-02-07T12:37:03 IST" duration-ms="4377" status="PASS">
          <reporter-output>
          </reporter-output>
        </test-method> <!-- testStoreCardAppleKoregaonPark -->
        <test-method is-config="true" signature="tearDown(org.testng.ITestResult)[pri:0, instance:com.retail.ui.automation.test.LandingPageIndiaTest@196a42c3]" started-at="2026-02-07T12:37:03 IST" name="tearDown" finished-at="2026-02-07T12:37:03 IST" duration-ms="481" status="PASS">
          <params>
            <param index="0">
              <value>
                <![CDATA[[TestResult name=testStoreCardAppleKoregaonPark status=SUCCESS method=LandingPageIndiaTest.testStoreCardAppleKoregaonPark()[pri:0, instance:com.retail.ui.automation.test.LandingPageIndiaTest@196a42c3] output={null}]]]>
              </value>
            </param>
          </params>
          <reporter-output>
          </reporter-output>
        </test-method> <!-- tearDown -->
      </class> <!-- com.retail.ui.automation.test.LandingPageIndiaTest -->
    </test> <!-- Smoke Tests -->
  </suite> <!-- Smoke Suite -->
</testng-results>
