<?xml version="1.0" encoding="UTF-8"?>
<testng-results ignored="0" total="0" passed="0" failed="0" skipped="0">
  <reporter-output>
  </reporter-output>
  <suite started-at="2026-02-06T23:39:30 IST" name="Smoke Suite" finished-at="2026-02-06T23:39:30 IST" duration-ms="21">
    <groups>
    </groups>
    <test started-at="2026-02-06T23:39:30 IST" name="Smoke Tests" finished-at="2026-02-06T23:39:30 IST" duration-ms="21">
    </test> <!-- Smoke Tests -->
  </suite> <!-- Smoke Suite -->
</testng-results>
